# JRE version: OpenJDK Runtime Environment (11.0.11+9) (build 11.0.11+9-b60-7590822)
# Java VM: OpenJDK 64-Bit Server VM (11.0.11+9-b60-7590822, mixed mode, tiered, compressed oops, g1 gc, windows-amd64)
Heap:
 garbage-first heap   total 438272K, used 180371K [0x0000000080000000, 0x0000000100000000)
  region size 1024K, 11 young (11264K), 11 survivors (11264K)
 Metaspace       used 126393K, capacity 129761K, committed 129996K, reserved 1163264K
  class space    used 15638K, capacity 16868K, committed 16896K, reserved 1048576K
GC Heap History (20 events):
Event: 54.034 GC heap after
{Heap after GC invocations=46 (full 0):
 garbage-first heap   total 307200K, used 168041K [0x0000000080000000, 0x0000000100000000)
  region size 1024K, 5 young (5120K), 5 survivors (5120K)
 Metaspace       used 125406K, capacity 128725K, committed 128972K, reserved 1161216K
  class space    used 15616K, capacity 16838K, committed 16896K, reserved 1048576K
}
Event: 54.225 GC heap before
{Heap before GC invocations=46 (full 0):
 garbage-first heap   total 307200K, used 244841K [0x0000000080000000, 0x0000000100000000)
  region size 1024K, 80 young (81920K), 5 survivors (5120K)
 Metaspace       used 125571K, capacity 128863K, committed 128972K, reserved 1161216K
  class space    used 15619K, capacity 16840K, committed 16896K, reserved 1048576K
}
Event: 54.230 GC heap after
{Heap after GC invocations=47 (full 0):
 garbage-first heap   total 307200K, used 170253K [0x0000000080000000, 0x0000000100000000)
  region size 1024K, 7 young (7168K), 7 survivors (7168K)
 Metaspace       used 125571K, capacity 128863K, committed 128972K, reserved 1161216K
  class space    used 15619K, capacity 16840K, committed 16896K, reserved 1048576K
}
Event: 54.403 GC heap before
{Heap before GC invocations=47 (full 0):
 garbage-first heap   total 307200K, used 248077K [0x0000000080000000, 0x0000000100000000)
  region size 1024K, 84 young (86016K), 7 survivors (7168K)
 Metaspace       used 125923K, capacity 129258K, committed 129484K, reserved 1161216K
  class space    used 15631K, capacity 16859K, committed 16896K, reserved 1048576K
}
Event: 54.409 GC heap after
{Heap after GC invocations=48 (full 0):
 garbage-first heap   total 307200K, used 171599K [0x0000000080000000, 0x0000000100000000)
  region size 1024K, 7 young (7168K), 7 survivors (7168K)
 Metaspace       used 125923K, capacity 129258K, committed 129484K, reserved 1161216K
  class space    used 15631K, capacity 16859K, committed 16896K, reserved 1048576K
}
Event: 54.536 GC heap before
{Heap before GC invocations=48 (full 0):
 garbage-first heap   total 307200K, used 252495K [0x0000000080000000, 0x0000000100000000)
  region size 1024K, 86 young (88064K), 7 survivors (7168K)
 Metaspace       used 126047K, capacity 129334K, committed 129484K, reserved 1161216K
  class space    used 15632K, capacity 16862K, committed 16896K, reserved 1048576K
}
Event: 54.541 GC heap after
{Heap after GC invocations=49 (full 0):
 garbage-first heap   total 307200K, used 171652K [0x0000000080000000, 0x0000000100000000)
  region size 1024K, 5 young (5120K), 5 survivors (5120K)
 Metaspace       used 126047K, capacity 129334K, committed 129484K, reserved 1161216K
  class space    used 15632K, capacity 16862K, committed 16896K, reserved 1048576K
}
Event: 54.664 GC heap before
{Heap before GC invocations=49 (full 0):
 garbage-first heap   total 307200K, used 255620K [0x0000000080000000, 0x0000000100000000)
  region size 1024K, 87 young (89088K), 5 survivors (5120K)
 Metaspace       used 126170K, capacity 129471K, committed 129740K, reserved 1163264K
  class space    used 15632K, capacity 16862K, committed 16896K, reserved 1048576K
}
Event: 54.670 GC heap after
{Heap after GC invocations=50 (full 0):
 garbage-first heap   total 307200K, used 173125K [0x0000000080000000, 0x0000000100000000)
  region size 1024K, 7 young (7168K), 7 survivors (7168K)
 Metaspace       used 126170K, capacity 129471K, committed 129740K, reserved 1163264K
  class space    used 15632K, capacity 16862K, committed 16896K, reserved 1048576K
}
Event: 54.815 GC heap before
{Heap before GC invocations=50 (full 0):
 garbage-first heap   total 307200K, used 257093K [0x0000000080000000, 0x0000000100000000)
  region size 1024K, 89 young (91136K), 7 survivors (7168K)
 Metaspace       used 126245K, capacity 129547K, committed 129740K, reserved 1163264K
  class space    used 15633K, capacity 16863K, committed 16896K, reserved 1048576K
}
Event: 54.821 GC heap after
{Heap after GC invocations=51 (full 0):
 garbage-first heap   total 307200K, used 173882K [0x0000000080000000, 0x0000000100000000)
  region size 1024K, 7 young (7168K), 7 survivors (7168K)
 Metaspace       used 126245K, capacity 129547K, committed 129740K, reserved 1163264K
  class space    used 15633K, capacity 16863K, committed 16896K, reserved 1048576K
}
Event: 54.945 GC heap before
{Heap before GC invocations=51 (full 0):
 garbage-first heap   total 307200K, used 259898K [0x0000000080000000, 0x0000000100000000)
  region size 1024K, 91 young (93184K), 7 survivors (7168K)
 Metaspace       used 126285K, capacity 129563K, committed 129740K, reserved 1163264K
  class space    used 15635K, capacity 16867K, committed 16896K, reserved 1048576K
}
Event: 54.953 GC heap after
{Heap after GC invocations=52 (full 0):
 garbage-first heap   total 368640K, used 174942K [0x0000000080000000, 0x0000000100000000)
  region size 1024K, 6 young (6144K), 6 survivors (6144K)
 Metaspace       used 126285K, capacity 129563K, committed 129740K, reserved 1163264K
  class space    used 15635K, capacity 16867K, committed 16896K, reserved 1048576K
}
Event: 55.161 GC heap before
{Heap before GC invocations=52 (full 0):
 garbage-first heap   total 368640K, used 291678K [0x0000000080000000, 0x0000000100000000)
  region size 1024K, 121 young (123904K), 6 survivors (6144K)
 Metaspace       used 126310K, capacity 129633K, committed 129740K, reserved 1163264K
  class space    used 15636K, capacity 16868K, committed 16896K, reserved 1048576K
}
Event: 55.167 GC heap after
{Heap after GC invocations=53 (full 0):
 garbage-first heap   total 368640K, used 176307K [0x0000000080000000, 0x0000000100000000)
  region size 1024K, 7 young (7168K), 7 survivors (7168K)
 Metaspace       used 126310K, capacity 129633K, committed 129740K, reserved 1163264K
  class space    used 15636K, capacity 16868K, committed 16896K, reserved 1048576K
}
Event: 55.351 GC heap before
{Heap before GC invocations=53 (full 0):
 garbage-first heap   total 368640K, used 302259K [0x0000000080000000, 0x0000000100000000)
  region size 1024K, 130 young (133120K), 7 survivors (7168K)
 Metaspace       used 126337K, capacity 129697K, committed 129740K, reserved 1163264K
  class space    used 15638K, capacity 16868K, committed 16896K, reserved 1048576K
}
Event: 55.358 GC heap after
{Heap after GC invocations=54 (full 0):
 garbage-first heap   total 368640K, used 177121K [0x0000000080000000, 0x0000000100000000)
  region size 1024K, 8 young (8192K), 8 survivors (8192K)
 Metaspace       used 126337K, capacity 129697K, committed 129740K, reserved 1163264K
  class space    used 15638K, capacity 16868K, committed 16896K, reserved 1048576K
}
Event: 55.565 GC heap before
{Heap before GC invocations=54 (full 0):
 garbage-first heap   total 368640K, used 304097K [0x0000000080000000, 0x0000000100000000)
  region size 1024K, 133 young (136192K), 8 survivors (8192K)
 Metaspace       used 126378K, capacity 129697K, committed 129740K, reserved 1163264K
  class space    used 15638K, capacity 16868K, committed 16896K, reserved 1048576K
}
Event: 55.573 GC heap after
{Heap after GC invocations=55 (full 0):
 garbage-first heap   total 368640K, used 178893K [0x0000000080000000, 0x0000000100000000)
  region size 1024K, 10 young (10240K), 10 survivors (10240K)
 Metaspace       used 126378K, capacity 129697K, committed 129740K, reserved 1163264K
  class space    used 15638K, capacity 16868K, committed 16896K, reserved 1048576K
}
Event: 55.802 GC heap before
{Heap before GC invocations=55 (full 0):
 garbage-first heap   total 368640K, used 309965K [0x0000000080000000, 0x0000000100000000)
  region size 1024K, 138 young (141312K), 10 survivors (10240K)
 Metaspace       used 126393K, capacity 129761K, committed 129996K, reserved 1163264K
  class space    used 15638K, capacity 16868K, committed 16896K, reserved 1048576K
}

