# JRE version: OpenJDK Runtime Environment (11.0.8+10) (build 11.0.8+10-b944.6842174)
# Java VM: OpenJDK 64-Bit Server VM (11.0.8+10-b944.6842174, mixed mode, tiered, compressed oops, g1 gc, windows-amd64)
Heap:
 garbage-first heap   total 256000K, used 157193K [0x00000000a0000000, 0x0000000100000000)
  region size 1024K, 114 young (116736K), 10 survivors (10240K)
 Metaspace       used 68442K, capacity 70043K, committed 70144K, reserved 1110016K
  class space    used 8832K, capacity 9371K, committed 9472K, reserved 1048576K
GC Heap History (14 events):
Event: 5.822 GC heap before
{Heap before GC invocations=0 (full 0):
 garbage-first heap   total 256000K, used 29696K [0x00000000a0000000, 0x0000000100000000)
  region size 1024K, 24 young (24576K), 0 survivors (0K)
 Metaspace       used 10732K, capacity 10935K, committed 11264K, reserved 1058816K
  class space    used 1132K, capacity 1194K, committed 1280K, reserved 1048576K
}
Event: 5.895 GC heap after
{Heap after GC invocations=1 (full 0):
 garbage-first heap   total 256000K, used 7778K [0x00000000a0000000, 0x0000000100000000)
  region size 1024K, 3 young (3072K), 3 survivors (3072K)
 Metaspace       used 10732K, capacity 10935K, committed 11264K, reserved 1058816K
  class space    used 1132K, capacity 1194K, committed 1280K, reserved 1048576K
}
Event: 21.503 GC heap before
{Heap before GC invocations=1 (full 0):
 garbage-first heap   total 256000K, used 79458K [0x00000000a0000000, 0x0000000100000000)
  region size 1024K, 75 young (76800K), 3 survivors (3072K)
 Metaspace       used 20769K, capacity 21149K, committed 21248K, reserved 1067008K
  class space    used 2613K, capacity 2754K, committed 2816K, reserved 1048576K
}
Event: 21.571 GC heap after
{Heap after GC invocations=2 (full 0):
 garbage-first heap   total 256000K, used 15031K [0x00000000a0000000, 0x0000000100000000)
  region size 1024K, 11 young (11264K), 11 survivors (11264K)
 Metaspace       used 20769K, capacity 21149K, committed 21248K, reserved 1067008K
  class space    used 2613K, capacity 2754K, committed 2816K, reserved 1048576K
}
Event: 23.085 GC heap before
{Heap before GC invocations=3 (full 0):
 garbage-first heap   total 256000K, used 24247K [0x00000000a0000000, 0x0000000100000000)
  region size 1024K, 20 young (20480K), 11 survivors (11264K)
 Metaspace       used 21991K, capacity 22409K, committed 22528K, reserved 1069056K
  class space    used 2808K, capacity 2982K, committed 3072K, reserved 1048576K
}
Event: 23.126 GC heap after
{Heap after GC invocations=4 (full 0):
 garbage-first heap   total 256000K, used 15687K [0x00000000a0000000, 0x0000000100000000)
  region size 1024K, 1 young (1024K), 1 survivors (1024K)
 Metaspace       used 21991K, capacity 22409K, committed 22528K, reserved 1069056K
  class space    used 2808K, capacity 2982K, committed 3072K, reserved 1048576K
}
Event: 37.195 GC heap before
{Heap before GC invocations=4 (full 0):
 garbage-first heap   total 256000K, used 102727K [0x00000000a0000000, 0x0000000100000000)
  region size 1024K, 76 young (77824K), 1 survivors (1024K)
 Metaspace       used 35138K, capacity 35751K, committed 35840K, reserved 1081344K
  class space    used 4386K, capacity 4599K, committed 4608K, reserved 1048576K
}
Event: 37.268 GC heap after
{Heap after GC invocations=5 (full 0):
 garbage-first heap   total 256000K, used 31144K [0x00000000a0000000, 0x0000000100000000)
  region size 1024K, 7 young (7168K), 7 survivors (7168K)
 Metaspace       used 35138K, capacity 35751K, committed 35840K, reserved 1081344K
  class space    used 4386K, capacity 4599K, committed 4608K, reserved 1048576K
}
Event: 54.089 GC heap before
{Heap before GC invocations=6 (full 0):
 garbage-first heap   total 256000K, used 123304K [0x00000000a0000000, 0x0000000100000000)
  region size 1024K, 96 young (98304K), 7 survivors (7168K)
 Metaspace       used 41946K, capacity 42905K, committed 43136K, reserved 1087488K
  class space    used 5376K, capacity 5659K, committed 5760K, reserved 1048576K
}
Event: 54.173 GC heap after
{Heap after GC invocations=7 (full 0):
 garbage-first heap   total 256000K, used 42416K [0x00000000a0000000, 0x0000000100000000)
  region size 1024K, 10 young (10240K), 10 survivors (10240K)
 Metaspace       used 41946K, capacity 42905K, committed 43136K, reserved 1087488K
  class space    used 5376K, capacity 5659K, committed 5760K, reserved 1048576K
}
Event: 68.232 GC heap before
{Heap before GC invocations=7 (full 0):
 garbage-first heap   total 256000K, used 143792K [0x00000000a0000000, 0x0000000100000000)
  region size 1024K, 109 young (111616K), 10 survivors (10240K)
 Metaspace       used 54252K, capacity 55461K, committed 55680K, reserved 1097728K
  class space    used 6888K, capacity 7258K, committed 7296K, reserved 1048576K
}
Event: 68.328 GC heap after
{Heap after GC invocations=8 (full 0):
 garbage-first heap   total 256000K, used 50067K [0x00000000a0000000, 0x0000000100000000)
  region size 1024K, 8 young (8192K), 8 survivors (8192K)
 Metaspace       used 54252K, capacity 55461K, committed 55680K, reserved 1097728K
  class space    used 6888K, capacity 7258K, committed 7296K, reserved 1048576K
}
Event: 74.614 GC heap before
{Heap before GC invocations=8 (full 0):
 garbage-first heap   total 256000K, used 77715K [0x00000000a0000000, 0x0000000100000000)
  region size 1024K, 36 young (36864K), 8 survivors (8192K)
 Metaspace       used 58529K, capacity 59760K, committed 59904K, reserved 1101824K
  class space    used 7449K, capacity 7827K, committed 7936K, reserved 1048576K
}
Event: 74.725 GC heap after
{Heap after GC invocations=9 (full 0):
 garbage-first heap   total 256000K, used 51721K [0x00000000a0000000, 0x0000000100000000)
  region size 1024K, 10 young (10240K), 10 survivors (10240K)
 Metaspace       used 58529K, capacity 59760K, committed 59904K, reserved 1101824K
  class space    used 7449K, capacity 7827K, committed 7936K, reserved 1048576K
}

