# JRE version: OpenJDK Runtime Environment (11.0.11+9) (build 11.0.11+9-b60-7590822)
# Java VM: OpenJDK 64-Bit Server VM (11.0.11+9-b60-7590822, mixed mode, tiered, compressed oops, g1 gc, windows-amd64)
Heap:
 garbage-first heap   total 256000K, used 99216K [0x0000000080000000, 0x0000000100000000)
  region size 1024K, 52 young (53248K), 16 survivors (16384K)
 Metaspace       used 56611K, capacity 58221K, committed 58364K, reserved 1099776K
  class space    used 7218K, capacity 7749K, committed 7808K, reserved 1048576K
GC Heap History (12 events):
Event: 0.529 GC heap before
{Heap before GC invocations=0 (full 0):
 garbage-first heap   total 256000K, used 29696K [0x0000000080000000, 0x0000000100000000)
  region size 1024K, 24 young (24576K), 0 survivors (0K)
 Metaspace       used 10442K, capacity 10667K, committed 11008K, reserved 1058816K
  class space    used 1097K, capacity 1193K, committed 1280K, reserved 1048576K
}
Event: 0.532 GC heap after
{Heap after GC invocations=1 (full 0):
 garbage-first heap   total 256000K, used 9008K [0x0000000080000000, 0x0000000100000000)
  region size 1024K, 3 young (3072K), 3 survivors (3072K)
 Metaspace       used 10442K, capacity 10667K, committed 11008K, reserved 1058816K
  class space    used 1097K, capacity 1193K, committed 1280K, reserved 1048576K
}
Event: 1.938 GC heap before
{Heap before GC invocations=1 (full 0):
 garbage-first heap   total 256000K, used 92976K [0x0000000080000000, 0x0000000100000000)
  region size 1024K, 87 young (89088K), 3 survivors (3072K)
 Metaspace       used 20557K, capacity 21135K, committed 21296K, reserved 1069056K
  class space    used 2511K, capacity 2688K, committed 2688K, reserved 1048576K
}
Event: 1.944 GC heap after
{Heap after GC invocations=2 (full 0):
 garbage-first heap   total 256000K, used 16644K [0x0000000080000000, 0x0000000100000000)
  region size 1024K, 11 young (11264K), 11 survivors (11264K)
 Metaspace       used 20557K, capacity 21135K, committed 21296K, reserved 1069056K
  class space    used 2511K, capacity 2688K, committed 2688K, reserved 1048576K
}
Event: 2.217 GC heap before
{Heap before GC invocations=3 (full 0):
 garbage-first heap   total 256000K, used 48388K [0x0000000080000000, 0x0000000100000000)
  region size 1024K, 42 young (43008K), 11 survivors (11264K)
 Metaspace       used 24246K, capacity 24835K, committed 25008K, reserved 1071104K
  class space    used 3088K, capacity 3308K, committed 3328K, reserved 1048576K
}
Event: 2.222 GC heap after
{Heap after GC invocations=4 (full 0):
 garbage-first heap   total 256000K, used 18280K [0x0000000080000000, 0x0000000100000000)
  region size 1024K, 2 young (2048K), 2 survivors (2048K)
 Metaspace       used 24246K, capacity 24835K, committed 25008K, reserved 1071104K
  class space    used 3088K, capacity 3308K, committed 3328K, reserved 1048576K
}
Event: 3.330 GC heap before
{Heap before GC invocations=4 (full 0):
 garbage-first heap   total 256000K, used 104296K [0x0000000080000000, 0x0000000100000000)
  region size 1024K, 79 young (80896K), 2 survivors (2048K)
 Metaspace       used 34827K, capacity 35634K, committed 35708K, reserved 1081344K
  class space    used 4535K, capacity 4842K, committed 4864K, reserved 1048576K
}
Event: 3.337 GC heap after
{Heap after GC invocations=5 (full 0):
 garbage-first heap   total 256000K, used 33593K [0x0000000080000000, 0x0000000100000000)
  region size 1024K, 8 young (8192K), 8 survivors (8192K)
 Metaspace       used 34827K, capacity 35634K, committed 35708K, reserved 1081344K
  class space    used 4535K, capacity 4842K, committed 4864K, reserved 1048576K
}
Event: 5.798 GC heap before
{Heap before GC invocations=6 (full 0):
 garbage-first heap   total 256000K, used 143161K [0x0000000080000000, 0x0000000100000000)
  region size 1024K, 105 young (107520K), 8 survivors (8192K)
 Metaspace       used 43828K, capacity 44962K, committed 45052K, reserved 1089536K
  class space    used 5570K, capacity 5935K, committed 6016K, reserved 1048576K
}
Event: 5.810 GC heap after
{Heap after GC invocations=7 (full 0):
 garbage-first heap   total 256000K, used 49768K [0x0000000080000000, 0x0000000100000000)
  region size 1024K, 14 young (14336K), 14 survivors (14336K)
 Metaspace       used 43828K, capacity 44962K, committed 45052K, reserved 1089536K
  class space    used 5570K, capacity 5935K, committed 6016K, reserved 1048576K
}
Event: 10.303 GC heap before
{Heap before GC invocations=7 (full 0):
 garbage-first heap   total 256000K, used 162408K [0x0000000080000000, 0x0000000100000000)
  region size 1024K, 122 young (124928K), 14 survivors (14336K)
 Metaspace       used 51316K, capacity 52809K, committed 52988K, reserved 1095680K
  class space    used 6528K, capacity 6992K, committed 7040K, reserved 1048576K
}
Event: 10.316 GC heap after
{Heap after GC invocations=8 (full 0):
 garbage-first heap   total 256000K, used 63376K [0x0000000080000000, 0x0000000100000000)
  region size 1024K, 16 young (16384K), 16 survivors (16384K)
 Metaspace       used 51316K, capacity 52809K, committed 52988K, reserved 1095680K
  class space    used 6528K, capacity 6992K, committed 7040K, reserved 1048576K
}

