# JRE version: OpenJDK Runtime Environment (11.0.11+9) (build 11.0.11+9-b60-7590822)
# Java VM: OpenJDK 64-Bit Server VM (11.0.11+9-b60-7590822, mixed mode, tiered, compressed oops, g1 gc, windows-amd64)
Heap:
 garbage-first heap   total 622592K, used 139563K [0x0000000080000000, 0x0000000100000000)
  region size 1024K, 20 young (20480K), 20 survivors (20480K)
 Metaspace       used 94026K, capacity 96553K, committed 96588K, reserved 1132544K
  class space    used 12137K, capacity 13112K, committed 13132K, reserved 1048576K
GC Heap History (20 events):
Event: 13.527 GC heap after
{Heap after GC invocations=26 (full 0):
 garbage-first heap   total 307200K, used 121470K [0x0000000080000000, 0x0000000100000000)
  region size 1024K, 11 young (11264K), 11 survivors (11264K)
 Metaspace       used 93191K, capacity 95701K, committed 95820K, reserved 1132544K
  class space    used 12094K, capacity 13053K, committed 13132K, reserved 1048576K
}
Event: 13.656 GC heap before
{Heap before GC invocations=26 (full 0):
 garbage-first heap   total 307200K, used 254590K [0x0000000080000000, 0x0000000100000000)
  region size 1024K, 141 young (144384K), 11 survivors (11264K)
 Metaspace       used 93214K, capacity 95701K, committed 95820K, reserved 1132544K
  class space    used 12094K, capacity 13053K, committed 13132K, reserved 1048576K
}
Event: 13.665 GC heap after
{Heap after GC invocations=27 (full 0):
 garbage-first heap   total 307200K, used 121918K [0x0000000080000000, 0x0000000100000000)
  region size 1024K, 10 young (10240K), 10 survivors (10240K)
 Metaspace       used 93214K, capacity 95701K, committed 95820K, reserved 1132544K
  class space    used 12094K, capacity 13053K, committed 13132K, reserved 1048576K
}
Event: 13.802 GC heap before
{Heap before GC invocations=27 (full 0):
 garbage-first heap   total 307200K, used 256062K [0x0000000080000000, 0x0000000100000000)
  region size 1024K, 141 young (144384K), 10 survivors (10240K)
 Metaspace       used 93312K, capacity 95840K, committed 96076K, reserved 1132544K
  class space    used 12094K, capacity 13053K, committed 13132K, reserved 1048576K
}
Event: 13.812 GC heap after
{Heap after GC invocations=28 (full 0):
 garbage-first heap   total 368640K, used 124122K [0x0000000080000000, 0x0000000100000000)
  region size 1024K, 10 young (10240K), 10 survivors (10240K)
 Metaspace       used 93312K, capacity 95840K, committed 96076K, reserved 1132544K
  class space    used 12094K, capacity 13053K, committed 13132K, reserved 1048576K
}
Event: 14.092 GC heap before
{Heap before GC invocations=28 (full 0):
 garbage-first heap   total 368640K, used 287962K [0x0000000080000000, 0x0000000100000000)
  region size 1024K, 169 young (173056K), 10 survivors (10240K)
 Metaspace       used 93502K, capacity 96008K, committed 96332K, reserved 1132544K
  class space    used 12094K, capacity 13053K, committed 13132K, reserved 1048576K
}
Event: 14.100 GC heap after
{Heap after GC invocations=29 (full 0):
 garbage-first heap   total 368640K, used 124541K [0x0000000080000000, 0x0000000100000000)
  region size 1024K, 10 young (10240K), 10 survivors (10240K)
 Metaspace       used 93502K, capacity 96008K, committed 96332K, reserved 1132544K
  class space    used 12094K, capacity 13053K, committed 13132K, reserved 1048576K
}
Event: 14.328 GC heap before
{Heap before GC invocations=29 (full 0):
 garbage-first heap   total 368640K, used 305789K [0x0000000080000000, 0x0000000100000000)
  region size 1024K, 187 young (191488K), 10 survivors (10240K)
 Metaspace       used 93522K, capacity 96012K, committed 96332K, reserved 1132544K
  class space    used 12097K, capacity 13054K, committed 13132K, reserved 1048576K
}
Event: 14.337 GC heap after
{Heap after GC invocations=30 (full 0):
 garbage-first heap   total 368640K, used 125336K [0x0000000080000000, 0x0000000100000000)
  region size 1024K, 11 young (11264K), 11 survivors (11264K)
 Metaspace       used 93522K, capacity 96012K, committed 96332K, reserved 1132544K
  class space    used 12097K, capacity 13054K, committed 13132K, reserved 1048576K
}
Event: 14.529 GC heap before
{Heap before GC invocations=30 (full 0):
 garbage-first heap   total 368640K, used 308632K [0x0000000080000000, 0x0000000100000000)
  region size 1024K, 190 young (194560K), 11 survivors (11264K)
 Metaspace       used 93531K, capacity 96012K, committed 96332K, reserved 1132544K
  class space    used 12097K, capacity 13054K, committed 13132K, reserved 1048576K
}
Event: 14.538 GC heap after
{Heap after GC invocations=31 (full 0):
 garbage-first heap   total 368640K, used 126645K [0x0000000080000000, 0x0000000100000000)
  region size 1024K, 12 young (12288K), 12 survivors (12288K)
 Metaspace       used 93531K, capacity 96012K, committed 96332K, reserved 1132544K
  class space    used 12097K, capacity 13054K, committed 13132K, reserved 1048576K
}
Event: 14.713 GC heap before
{Heap before GC invocations=31 (full 0):
 garbage-first heap   total 368640K, used 314037K [0x0000000080000000, 0x0000000100000000)
  region size 1024K, 195 young (199680K), 12 survivors (12288K)
 Metaspace       used 93544K, capacity 96076K, committed 96332K, reserved 1132544K
  class space    used 12097K, capacity 13054K, committed 13132K, reserved 1048576K
}
Event: 14.727 GC heap after
{Heap after GC invocations=32 (full 0):
 garbage-first heap   total 457728K, used 131318K [0x0000000080000000, 0x0000000100000000)
  region size 1024K, 17 young (17408K), 17 survivors (17408K)
 Metaspace       used 93544K, capacity 96076K, committed 96332K, reserved 1132544K
  class space    used 12097K, capacity 13054K, committed 13132K, reserved 1048576K
}
Event: 14.970 GC heap before
{Heap before GC invocations=32 (full 0):
 garbage-first heap   total 457728K, used 354550K [0x0000000080000000, 0x0000000100000000)
  region size 1024K, 235 young (240640K), 17 survivors (17408K)
 Metaspace       used 93558K, capacity 96076K, committed 96332K, reserved 1132544K
  class space    used 12097K, capacity 13054K, committed 13132K, reserved 1048576K
}
Event: 14.984 GC heap after
{Heap after GC invocations=33 (full 0):
 garbage-first heap   total 457728K, used 131619K [0x0000000080000000, 0x0000000100000000)
  region size 1024K, 16 young (16384K), 16 survivors (16384K)
 Metaspace       used 93558K, capacity 96076K, committed 96332K, reserved 1132544K
  class space    used 12097K, capacity 13054K, committed 13132K, reserved 1048576K
}
Event: 15.262 GC heap before
{Heap before GC invocations=33 (full 0):
 garbage-first heap   total 457728K, used 390691K [0x0000000080000000, 0x0000000100000000)
  region size 1024K, 268 young (274432K), 16 survivors (16384K)
 Metaspace       used 93706K, capacity 96179K, committed 96332K, reserved 1132544K
  class space    used 12098K, capacity 13055K, committed 13132K, reserved 1048576K
}
Event: 15.277 GC heap after
{Heap after GC invocations=34 (full 0):
 garbage-first heap   total 457728K, used 132636K [0x0000000080000000, 0x0000000100000000)
  region size 1024K, 17 young (17408K), 17 survivors (17408K)
 Metaspace       used 93706K, capacity 96179K, committed 96332K, reserved 1132544K
  class space    used 12098K, capacity 13055K, committed 13132K, reserved 1048576K
}
Event: 15.613 GC heap before
{Heap before GC invocations=34 (full 0):
 garbage-first heap   total 457728K, used 388636K [0x0000000080000000, 0x0000000100000000)
  region size 1024K, 268 young (274432K), 17 survivors (17408K)
 Metaspace       used 93988K, capacity 96485K, committed 96588K, reserved 1132544K
  class space    used 12137K, capacity 13112K, committed 13132K, reserved 1048576K
}
Event: 15.631 GC heap after
{Heap after GC invocations=35 (full 0):
 garbage-first heap   total 457728K, used 138058K [0x0000000080000000, 0x0000000100000000)
  region size 1024K, 22 young (22528K), 22 survivors (22528K)
 Metaspace       used 93988K, capacity 96485K, committed 96588K, reserved 1132544K
  class space    used 12137K, capacity 13112K, committed 13132K, reserved 1048576K
}
Event: 15.959 GC heap before
{Heap before GC invocations=35 (full 0):
 garbage-first heap   total 457728K, used 389962K [0x0000000080000000, 0x0000000100000000)
  region size 1024K, 267 young (273408K), 22 survivors (22528K)
 Metaspace       used 94026K, capacity 96553K, committed 96588K, reserved 1132544K
  class space    used 12137K, capacity 13112K, committed 13132K, reserved 1048576K
}

