# JRE version: OpenJDK Runtime Environment (11.0.11+9) (build 11.0.11+9-b60-7590822)
# Java VM: OpenJDK 64-Bit Server VM (11.0.11+9-b60-7590822, mixed mode, tiered, compressed oops, g1 gc, windows-amd64)
Heap:
 garbage-first heap   total 256000K, used 184787K [0x0000000080000000, 0x0000000100000000)
  region size 1024K, 96 young (98304K), 9 survivors (9216K)
 Metaspace       used 93322K, capacity 95650K, committed 95948K, reserved 1132544K
  class space    used 11545K, capacity 12393K, committed 12492K, reserved 1048576K
GC Heap History (20 events):
Event: 3.981 GC heap before
{Heap before GC invocations=6 (full 0):
 garbage-first heap   total 256000K, used 124581K [0x0000000080000000, 0x0000000100000000)
  region size 1024K, 104 young (106496K), 6 survivors (6144K)
 Metaspace       used 44037K, capacity 45026K, committed 45260K, reserved 1089536K
  class space    used 5656K, capacity 6044K, committed 6092K, reserved 1048576K
}
Event: 3.988 GC heap after
{Heap after GC invocations=7 (full 0):
 garbage-first heap   total 256000K, used 26178K [0x0000000080000000, 0x0000000100000000)
  region size 1024K, 11 young (11264K), 11 survivors (11264K)
 Metaspace       used 44037K, capacity 45026K, committed 45260K, reserved 1089536K
  class space    used 5656K, capacity 6044K, committed 6092K, reserved 1048576K
}
Event: 6.984 GC heap before
{Heap before GC invocations=7 (full 0):
 garbage-first heap   total 256000K, used 163394K [0x0000000080000000, 0x0000000100000000)
  region size 1024K, 143 young (146432K), 11 survivors (11264K)
 Metaspace       used 56407K, capacity 57762K, committed 57932K, reserved 1099776K
  class space    used 7177K, capacity 7669K, committed 7756K, reserved 1048576K
}
Event: 6.996 GC heap after
{Heap after GC invocations=8 (full 0):
 garbage-first heap   total 256000K, used 41872K [0x0000000080000000, 0x0000000100000000)
  region size 1024K, 18 young (18432K), 18 survivors (18432K)
 Metaspace       used 56407K, capacity 57762K, committed 57932K, reserved 1099776K
  class space    used 7177K, capacity 7669K, committed 7756K, reserved 1048576K
}
Event: 7.238 GC heap before
{Heap before GC invocations=8 (full 0):
 garbage-first heap   total 256000K, used 66448K [0x0000000080000000, 0x0000000100000000)
  region size 1024K, 42 young (43008K), 18 survivors (18432K)
 Metaspace       used 58834K, capacity 60194K, committed 60236K, reserved 1101824K
  class space    used 7448K, capacity 7977K, committed 8012K, reserved 1048576K
}
Event: 7.256 GC heap after
{Heap after GC invocations=9 (full 0):
 garbage-first heap   total 256000K, used 46287K [0x0000000080000000, 0x0000000100000000)
  region size 1024K, 5 young (5120K), 5 survivors (5120K)
 Metaspace       used 58834K, capacity 60194K, committed 60236K, reserved 1101824K
  class space    used 7448K, capacity 7977K, committed 8012K, reserved 1048576K
}
Event: 8.101 GC heap before
{Heap before GC invocations=10 (full 0):
 garbage-first heap   total 256000K, used 137423K [0x0000000080000000, 0x0000000100000000)
  region size 1024K, 94 young (96256K), 5 survivors (5120K)
 Metaspace       used 66806K, capacity 68337K, committed 68556K, reserved 1107968K
  class space    used 8728K, capacity 9311K, committed 9420K, reserved 1048576K
}
Event: 8.107 GC heap after
{Heap after GC invocations=11 (full 0):
 garbage-first heap   total 256000K, used 50022K [0x0000000080000000, 0x0000000100000000)
  region size 1024K, 8 young (8192K), 8 survivors (8192K)
 Metaspace       used 66806K, capacity 68337K, committed 68556K, reserved 1107968K
  class space    used 8728K, capacity 9311K, committed 9420K, reserved 1048576K
}
Event: 9.929 GC heap before
{Heap before GC invocations=11 (full 0):
 garbage-first heap   total 256000K, used 147302K [0x0000000080000000, 0x0000000100000000)
  region size 1024K, 104 young (106496K), 8 survivors (8192K)
 Metaspace       used 75453K, capacity 77341K, committed 77388K, reserved 1116160K
  class space    used 9857K, capacity 10540K, committed 10572K, reserved 1048576K
}
Event: 9.939 GC heap after
{Heap after GC invocations=12 (full 0):
 garbage-first heap   total 256000K, used 56743K [0x0000000080000000, 0x0000000100000000)
  region size 1024K, 13 young (13312K), 13 survivors (13312K)
 Metaspace       used 75453K, capacity 77341K, committed 77388K, reserved 1116160K
  class space    used 9857K, capacity 10540K, committed 10572K, reserved 1048576K
}
Event: 12.251 GC heap before
{Heap before GC invocations=12 (full 0):
 garbage-first heap   total 256000K, used 157095K [0x0000000080000000, 0x0000000100000000)
  region size 1024K, 112 young (114688K), 13 survivors (13312K)
 Metaspace       used 77354K, capacity 79335K, committed 79436K, reserved 1118208K
  class space    used 10059K, capacity 10763K, committed 10828K, reserved 1048576K
}
Event: 12.264 GC heap after
{Heap after GC invocations=13 (full 0):
 garbage-first heap   total 256000K, used 64218K [0x0000000080000000, 0x0000000100000000)
  region size 1024K, 14 young (14336K), 14 survivors (14336K)
 Metaspace       used 77354K, capacity 79335K, committed 79436K, reserved 1118208K
  class space    used 10059K, capacity 10763K, committed 10828K, reserved 1048576K
}
Event: 14.280 GC heap before
{Heap before GC invocations=13 (full 0):
 garbage-first heap   total 256000K, used 168666K [0x0000000080000000, 0x0000000100000000)
  region size 1024K, 115 young (117760K), 14 survivors (14336K)
 Metaspace       used 86662K, capacity 88798K, committed 89036K, reserved 1126400K
  class space    used 11095K, capacity 11860K, committed 11980K, reserved 1048576K
}
Event: 14.301 GC heap after
{Heap after GC invocations=14 (full 0):
 garbage-first heap   total 256000K, used 82494K [0x0000000080000000, 0x0000000100000000)
  region size 1024K, 15 young (15360K), 15 survivors (15360K)
 Metaspace       used 86662K, capacity 88798K, committed 89036K, reserved 1126400K
  class space    used 11095K, capacity 11860K, committed 11980K, reserved 1048576K
}
Event: 15.212 GC heap before
{Heap before GC invocations=14 (full 0):
 garbage-first heap   total 256000K, used 177726K [0x0000000080000000, 0x0000000100000000)
  region size 1024K, 108 young (110592K), 15 survivors (15360K)
 Metaspace       used 87451K, capacity 89604K, committed 89804K, reserved 1126400K
  class space    used 11106K, capacity 11865K, committed 11980K, reserved 1048576K
}
Event: 15.228 GC heap after
{Heap after GC invocations=15 (full 0):
 garbage-first heap   total 256000K, used 86604K [0x0000000080000000, 0x0000000100000000)
  region size 1024K, 3 young (3072K), 3 survivors (3072K)
 Metaspace       used 87451K, capacity 89604K, committed 89804K, reserved 1126400K
  class space    used 11106K, capacity 11865K, committed 11980K, reserved 1048576K
}
Event: 164.683 GC heap before
{Heap before GC invocations=15 (full 0):
 garbage-first heap   total 256000K, used 182860K [0x0000000080000000, 0x0000000100000000)
  region size 1024K, 98 young (100352K), 3 survivors (3072K)
 Metaspace       used 91230K, capacity 93504K, committed 93772K, reserved 1130496K
  class space    used 11421K, capacity 12244K, committed 12364K, reserved 1048576K
}
Event: 164.693 GC heap after
{Heap after GC invocations=16 (full 0):
 garbage-first heap   total 256000K, used 89358K [0x0000000080000000, 0x0000000100000000)
  region size 1024K, 6 young (6144K), 6 survivors (6144K)
 Metaspace       used 91230K, capacity 93504K, committed 93772K, reserved 1130496K
  class space    used 11421K, capacity 12244K, committed 12364K, reserved 1048576K
}
Event: 2008.241 GC heap before
{Heap before GC invocations=16 (full 0):
 garbage-first heap   total 256000K, used 192782K [0x0000000080000000, 0x0000000100000000)
  region size 1024K, 103 young (105472K), 6 survivors (6144K)
 Metaspace       used 92926K, capacity 95197K, committed 95436K, reserved 1132544K
  class space    used 11539K, capacity 12384K, committed 12492K, reserved 1048576K
}
Event: 2008.264 GC heap after
{Heap after GC invocations=17 (full 0):
 garbage-first heap   total 256000K, used 97747K [0x0000000080000000, 0x0000000100000000)
  region size 1024K, 9 young (9216K), 9 survivors (9216K)
 Metaspace       used 92926K, capacity 95197K, committed 95436K, reserved 1132544K
  class space    used 11539K, capacity 12384K, committed 12492K, reserved 1048576K
}

