# JRE version: OpenJDK Runtime Environment (11.0.11+9) (build 11.0.11+9-b60-7590822)
# Java VM: OpenJDK 64-Bit Server VM (11.0.11+9-b60-7590822, mixed mode, tiered, compressed oops, g1 gc, windows-amd64)
Heap:
 garbage-first heap   total 612352K, used 136617K [0x0000000080000000, 0x0000000100000000)
  region size 1024K, 18 young (18432K), 18 survivors (18432K)
 Metaspace       used 101414K, capacity 104023K, committed 104688K, reserved 1140736K
  class space    used 12660K, capacity 13627K, committed 13940K, reserved 1048576K
GC Heap History (20 events):
Event: 110.776 GC heap after
{Heap after GC invocations=29 (full 0):
 garbage-first heap   total 256000K, used 124882K [0x0000000080000000, 0x0000000100000000)
  region size 1024K, 7 young (7168K), 7 survivors (7168K)
 Metaspace       used 100744K, capacity 103399K, committed 103920K, reserved 1138688K
  class space    used 12696K, capacity 13703K, committed 13940K, reserved 1048576K
}
Event: 110.994 GC heap before
{Heap before GC invocations=29 (full 0):
 garbage-first heap   total 256000K, used 216018K [0x0000000080000000, 0x0000000100000000)
  region size 1024K, 96 young (98304K), 7 survivors (7168K)
 Metaspace       used 100731K, capacity 103296K, committed 104176K, reserved 1140736K
  class space    used 12644K, capacity 13611K, committed 13940K, reserved 1048576K
}
Event: 111.001 GC heap after
{Heap after GC invocations=30 (full 0):
 garbage-first heap   total 256000K, used 122752K [0x0000000080000000, 0x0000000100000000)
  region size 1024K, 5 young (5120K), 5 survivors (5120K)
 Metaspace       used 100731K, capacity 103296K, committed 104176K, reserved 1140736K
  class space    used 12644K, capacity 13611K, committed 13940K, reserved 1048576K
}
Event: 111.119 GC heap before
{Heap before GC invocations=31 (full 0):
 garbage-first heap   total 256000K, used 216960K [0x0000000080000000, 0x0000000100000000)
  region size 1024K, 97 young (99328K), 5 survivors (5120K)
 Metaspace       used 100781K, capacity 103301K, committed 104176K, reserved 1140736K
  class space    used 12645K, capacity 13612K, committed 13940K, reserved 1048576K
}
Event: 111.126 GC heap after
{Heap after GC invocations=32 (full 0):
 garbage-first heap   total 307200K, used 123656K [0x0000000080000000, 0x0000000100000000)
  region size 1024K, 6 young (6144K), 6 survivors (6144K)
 Metaspace       used 100781K, capacity 103301K, committed 104176K, reserved 1140736K
  class space    used 12645K, capacity 13612K, committed 13940K, reserved 1048576K
}
Event: 111.284 GC heap before
{Heap before GC invocations=32 (full 0):
 garbage-first heap   total 307200K, used 251656K [0x0000000080000000, 0x0000000100000000)
  region size 1024K, 131 young (134144K), 6 survivors (6144K)
 Metaspace       used 100805K, capacity 103430K, committed 104176K, reserved 1140736K
  class space    used 12645K, capacity 13612K, committed 13940K, reserved 1048576K
}
Event: 111.291 GC heap after
{Heap after GC invocations=33 (full 0):
 garbage-first heap   total 307200K, used 125176K [0x0000000080000000, 0x0000000100000000)
  region size 1024K, 7 young (7168K), 7 survivors (7168K)
 Metaspace       used 100805K, capacity 103430K, committed 104176K, reserved 1140736K
  class space    used 12645K, capacity 13612K, committed 13940K, reserved 1048576K
}
Event: 111.468 GC heap before
{Heap before GC invocations=33 (full 0):
 garbage-first heap   total 307200K, used 256248K [0x0000000080000000, 0x0000000100000000)
  region size 1024K, 134 young (137216K), 7 survivors (7168K)
 Metaspace       used 100952K, capacity 103514K, committed 104176K, reserved 1140736K
  class space    used 12645K, capacity 13612K, committed 13940K, reserved 1048576K
}
Event: 111.478 GC heap after
{Heap after GC invocations=34 (full 0):
 garbage-first heap   total 307200K, used 127406K [0x0000000080000000, 0x0000000100000000)
  region size 1024K, 8 young (8192K), 8 survivors (8192K)
 Metaspace       used 100952K, capacity 103514K, committed 104176K, reserved 1140736K
  class space    used 12645K, capacity 13612K, committed 13940K, reserved 1048576K
}
Event: 111.677 GC heap before
{Heap before GC invocations=34 (full 0):
 garbage-first heap   total 307200K, used 257454K [0x0000000080000000, 0x0000000100000000)
  region size 1024K, 135 young (138240K), 8 survivors (8192K)
 Metaspace       used 101030K, capacity 103589K, committed 104432K, reserved 1140736K
  class space    used 12648K, capacity 13612K, committed 13940K, reserved 1048576K
}
Event: 111.685 GC heap after
{Heap after GC invocations=35 (full 0):
 garbage-first heap   total 307200K, used 127579K [0x0000000080000000, 0x0000000100000000)
  region size 1024K, 10 young (10240K), 10 survivors (10240K)
 Metaspace       used 101030K, capacity 103589K, committed 104432K, reserved 1140736K
  class space    used 12648K, capacity 13612K, committed 13940K, reserved 1048576K
}
Event: 111.837 GC heap before
{Heap before GC invocations=35 (full 0):
 garbage-first heap   total 307200K, used 256603K [0x0000000080000000, 0x0000000100000000)
  region size 1024K, 137 young (140288K), 10 survivors (10240K)
 Metaspace       used 101091K, capacity 103656K, committed 104432K, reserved 1140736K
  class space    used 12648K, capacity 13612K, committed 13940K, reserved 1048576K
}
Event: 111.859 GC heap after
{Heap after GC invocations=36 (full 0):
 garbage-first heap   total 417792K, used 129856K [0x0000000080000000, 0x0000000100000000)
  region size 1024K, 12 young (12288K), 12 survivors (12288K)
 Metaspace       used 101091K, capacity 103656K, committed 104432K, reserved 1140736K
  class space    used 12648K, capacity 13612K, committed 13940K, reserved 1048576K
}
Event: 112.124 GC heap before
{Heap before GC invocations=36 (full 0):
 garbage-first heap   total 417792K, used 319296K [0x0000000080000000, 0x0000000100000000)
  region size 1024K, 197 young (201728K), 12 survivors (12288K)
 Metaspace       used 101177K, capacity 103736K, committed 104432K, reserved 1140736K
  class space    used 12650K, capacity 13612K, committed 13940K, reserved 1048576K
}
Event: 112.134 GC heap after
{Heap after GC invocations=37 (full 0):
 garbage-first heap   total 417792K, used 130979K [0x0000000080000000, 0x0000000100000000)
  region size 1024K, 13 young (13312K), 13 survivors (13312K)
 Metaspace       used 101177K, capacity 103736K, committed 104432K, reserved 1140736K
  class space    used 12650K, capacity 13612K, committed 13940K, reserved 1048576K
}
Event: 112.377 GC heap before
{Heap before GC invocations=37 (full 0):
 garbage-first heap   total 417792K, used 349091K [0x0000000080000000, 0x0000000100000000)
  region size 1024K, 226 young (231424K), 13 survivors (13312K)
 Metaspace       used 101206K, capacity 103805K, committed 104432K, reserved 1140736K
  class space    used 12651K, capacity 13613K, committed 13940K, reserved 1048576K
}
Event: 112.386 GC heap after
{Heap after GC invocations=38 (full 0):
 garbage-first heap   total 417792K, used 132069K [0x0000000080000000, 0x0000000100000000)
  region size 1024K, 14 young (14336K), 14 survivors (14336K)
 Metaspace       used 101206K, capacity 103805K, committed 104432K, reserved 1140736K
  class space    used 12651K, capacity 13613K, committed 13940K, reserved 1048576K
}
Event: 112.735 GC heap before
{Heap before GC invocations=38 (full 0):
 garbage-first heap   total 417792K, used 360421K [0x0000000080000000, 0x0000000100000000)
  region size 1024K, 237 young (242688K), 14 survivors (14336K)
 Metaspace       used 101302K, capacity 103863K, committed 104432K, reserved 1140736K
  class space    used 12660K, capacity 13627K, committed 13940K, reserved 1048576K
}
Event: 112.747 GC heap after
{Heap after GC invocations=39 (full 0):
 garbage-first heap   total 417792K, used 134880K [0x0000000080000000, 0x0000000100000000)
  region size 1024K, 17 young (17408K), 17 survivors (17408K)
 Metaspace       used 101302K, capacity 103863K, committed 104432K, reserved 1140736K
  class space    used 12660K, capacity 13627K, committed 13940K, reserved 1048576K
}
Event: 113.001 GC heap before
{Heap before GC invocations=39 (full 0):
 garbage-first heap   total 417792K, used 356064K [0x0000000080000000, 0x0000000100000000)
  region size 1024K, 234 young (239616K), 17 survivors (17408K)
 Metaspace       used 101414K, capacity 104023K, committed 104688K, reserved 1140736K
  class space    used 12660K, capacity 13627K, committed 13940K, reserved 1048576K
}

