# JRE version: OpenJDK Runtime Environment (11.0.11+9) (build 11.0.11+9-b60-7590822)
# Java VM: OpenJDK 64-Bit Server VM (11.0.11+9-b60-7590822, mixed mode, tiered, compressed oops, g1 gc, windows-amd64)
Heap:
 garbage-first heap   total 549888K, used 137514K [0x0000000080000000, 0x0000000100000000)
  region size 1024K, 20 young (20480K), 20 survivors (20480K)
 Metaspace       used 93737K, capacity 96294K, committed 96588K, reserved 1132544K
  class space    used 12111K, capacity 13066K, committed 13132K, reserved 1048576K
GC Heap History (20 events):
Event: 12.444 GC heap after
{Heap after GC invocations=24 (full 0):
 garbage-first heap   total 307200K, used 117153K [0x0000000080000000, 0x0000000100000000)
  region size 1024K, 10 young (10240K), 10 survivors (10240K)
 Metaspace       used 92988K, capacity 95508K, committed 95692K, reserved 1132544K
  class space    used 12064K, capacity 12997K, committed 13004K, reserved 1048576K
}
Event: 12.596 GC heap before
{Heap before GC invocations=24 (full 0):
 garbage-first heap   total 307200K, used 246177K [0x0000000080000000, 0x0000000100000000)
  region size 1024K, 136 young (139264K), 10 survivors (10240K)
 Metaspace       used 93011K, capacity 95508K, committed 95692K, reserved 1132544K
  class space    used 12064K, capacity 12997K, committed 13004K, reserved 1048576K
}
Event: 12.605 GC heap after
{Heap after GC invocations=25 (full 0):
 garbage-first heap   total 307200K, used 118240K [0x0000000080000000, 0x0000000100000000)
  region size 1024K, 4 young (4096K), 4 survivors (4096K)
 Metaspace       used 93011K, capacity 95508K, committed 95692K, reserved 1132544K
  class space    used 12064K, capacity 12997K, committed 13004K, reserved 1048576K
}
Event: 12.744 GC heap before
{Heap before GC invocations=25 (full 0):
 garbage-first heap   total 307200K, used 250336K [0x0000000080000000, 0x0000000100000000)
  region size 1024K, 133 young (136192K), 4 survivors (4096K)
 Metaspace       used 93049K, capacity 95529K, committed 95692K, reserved 1132544K
  class space    used 12068K, capacity 13004K, committed 13004K, reserved 1048576K
}
Event: 12.751 GC heap after
{Heap after GC invocations=26 (full 0):
 garbage-first heap   total 368640K, used 119766K [0x0000000080000000, 0x0000000100000000)
  region size 1024K, 6 young (6144K), 6 survivors (6144K)
 Metaspace       used 93049K, capacity 95529K, committed 95692K, reserved 1132544K
  class space    used 12068K, capacity 13004K, committed 13004K, reserved 1048576K
}
Event: 12.932 GC heap before
{Heap before GC invocations=26 (full 0):
 garbage-first heap   total 368640K, used 284630K [0x0000000080000000, 0x0000000100000000)
  region size 1024K, 167 young (171008K), 6 survivors (6144K)
 Metaspace       used 93069K, capacity 95593K, committed 95692K, reserved 1132544K
  class space    used 12068K, capacity 13004K, committed 13004K, reserved 1048576K
}
Event: 12.939 GC heap after
{Heap after GC invocations=27 (full 0):
 garbage-first heap   total 368640K, used 121951K [0x0000000080000000, 0x0000000100000000)
  region size 1024K, 8 young (8192K), 8 survivors (8192K)
 Metaspace       used 93069K, capacity 95593K, committed 95692K, reserved 1132544K
  class space    used 12068K, capacity 13004K, committed 13004K, reserved 1048576K
}
Event: 13.139 GC heap before
{Heap before GC invocations=27 (full 0):
 garbage-first heap   total 368640K, used 297055K [0x0000000080000000, 0x0000000100000000)
  region size 1024K, 179 young (183296K), 8 survivors (8192K)
 Metaspace       used 93207K, capacity 95764K, committed 96076K, reserved 1132544K
  class space    used 12087K, capacity 13040K, committed 13132K, reserved 1048576K
}
Event: 13.148 GC heap after
{Heap after GC invocations=28 (full 0):
 garbage-first heap   total 368640K, used 124549K [0x0000000080000000, 0x0000000100000000)
  region size 1024K, 11 young (11264K), 11 survivors (11264K)
 Metaspace       used 93207K, capacity 95764K, committed 96076K, reserved 1132544K
  class space    used 12087K, capacity 13040K, committed 13132K, reserved 1048576K
}
Event: 13.422 GC heap before
{Heap before GC invocations=28 (full 0):
 garbage-first heap   total 368640K, used 305797K [0x0000000080000000, 0x0000000100000000)
  region size 1024K, 187 young (191488K), 11 survivors (11264K)
 Metaspace       used 93420K, capacity 95924K, committed 96076K, reserved 1132544K
  class space    used 12087K, capacity 13040K, committed 13132K, reserved 1048576K
}
Event: 13.432 GC heap after
{Heap after GC invocations=29 (full 0):
 garbage-first heap   total 368640K, used 126313K [0x0000000080000000, 0x0000000100000000)
  region size 1024K, 12 young (12288K), 12 survivors (12288K)
 Metaspace       used 93420K, capacity 95924K, committed 96076K, reserved 1132544K
  class space    used 12087K, capacity 13040K, committed 13132K, reserved 1048576K
}
Event: 13.712 GC heap before
{Heap before GC invocations=29 (full 0):
 garbage-first heap   total 368640K, used 310633K [0x0000000080000000, 0x0000000100000000)
  region size 1024K, 192 young (196608K), 12 survivors (12288K)
 Metaspace       used 93427K, capacity 95924K, committed 96076K, reserved 1132544K
  class space    used 12087K, capacity 13040K, committed 13132K, reserved 1048576K
}
Event: 13.724 GC heap after
{Heap after GC invocations=30 (full 0):
 garbage-first heap   total 439296K, used 127993K [0x0000000080000000, 0x0000000100000000)
  region size 1024K, 14 young (14336K), 14 survivors (14336K)
 Metaspace       used 93427K, capacity 95924K, committed 96076K, reserved 1132544K
  class space    used 12087K, capacity 13040K, committed 13132K, reserved 1048576K
}
Event: 14.049 GC heap before
{Heap before GC invocations=30 (full 0):
 garbage-first heap   total 439296K, used 348153K [0x0000000080000000, 0x0000000100000000)
  region size 1024K, 229 young (234496K), 14 survivors (14336K)
 Metaspace       used 93441K, capacity 95925K, committed 96076K, reserved 1132544K
  class space    used 12087K, capacity 13040K, committed 13132K, reserved 1048576K
}
Event: 14.061 GC heap after
{Heap after GC invocations=31 (full 0):
 garbage-first heap   total 439296K, used 130839K [0x0000000080000000, 0x0000000100000000)
  region size 1024K, 17 young (17408K), 17 survivors (17408K)
 Metaspace       used 93441K, capacity 95925K, committed 96076K, reserved 1132544K
  class space    used 12087K, capacity 13040K, committed 13132K, reserved 1048576K
}
Event: 14.434 GC heap before
{Heap before GC invocations=31 (full 0):
 garbage-first heap   total 439296K, used 365335K [0x0000000080000000, 0x0000000100000000)
  region size 1024K, 245 young (250880K), 17 survivors (17408K)
 Metaspace       used 93712K, capacity 96229K, committed 96332K, reserved 1132544K
  class space    used 12111K, capacity 13066K, committed 13132K, reserved 1048576K
}
Event: 14.446 GC heap after
{Heap after GC invocations=32 (full 0):
 garbage-first heap   total 439296K, used 131552K [0x0000000080000000, 0x0000000100000000)
  region size 1024K, 17 young (17408K), 17 survivors (17408K)
 Metaspace       used 93712K, capacity 96229K, committed 96332K, reserved 1132544K
  class space    used 12111K, capacity 13066K, committed 13132K, reserved 1048576K
}
Event: 14.963 GC heap before
{Heap before GC invocations=32 (full 0):
 garbage-first heap   total 439296K, used 377312K [0x0000000080000000, 0x0000000100000000)
  region size 1024K, 257 young (263168K), 17 survivors (17408K)
 Metaspace       used 93719K, capacity 96229K, committed 96332K, reserved 1132544K
  class space    used 12111K, capacity 13066K, committed 13132K, reserved 1048576K
}
Event: 14.979 GC heap after
{Heap after GC invocations=33 (full 0):
 garbage-first heap   total 439296K, used 133998K [0x0000000080000000, 0x0000000100000000)
  region size 1024K, 20 young (20480K), 20 survivors (20480K)
 Metaspace       used 93719K, capacity 96229K, committed 96332K, reserved 1132544K
  class space    used 12111K, capacity 13066K, committed 13132K, reserved 1048576K
}
Event: 15.492 GC heap before
{Heap before GC invocations=33 (full 0):
 garbage-first heap   total 439296K, used 373614K [0x0000000080000000, 0x0000000100000000)
  region size 1024K, 254 young (260096K), 20 survivors (20480K)
 Metaspace       used 93737K, capacity 96294K, committed 96588K, reserved 1132544K
  class space    used 12111K, capacity 13066K, committed 13132K, reserved 1048576K
}

