# JRE version: OpenJDK Runtime Environment (11.0.11+9) (build 11.0.11+9-b60-7590822)
# Java VM: OpenJDK 64-Bit Server VM (11.0.11+9-b60-7590822, mixed mode, tiered, compressed oops, g1 gc, windows-amd64)
Heap:
 garbage-first heap   total 256000K, used 123644K [0x0000000080000000, 0x0000000100000000)
  region size 1024K, 100 young (102400K), 12 survivors (12288K)
 Metaspace       used 51135K, capacity 52498K, committed 52608K, reserved 1095680K
  class space    used 6509K, capacity 7005K, committed 7040K, reserved 1048576K
GC Heap History (10 events):
Event: 0.531 GC heap before
{Heap before GC invocations=0 (full 0):
 garbage-first heap   total 256000K, used 29696K [0x0000000080000000, 0x0000000100000000)
  region size 1024K, 24 young (24576K), 0 survivors (0K)
 Metaspace       used 10657K, capacity 10876K, committed 11008K, reserved 1058816K
  class space    used 1128K, capacity 1200K, committed 1280K, reserved 1048576K
}
Event: 0.534 GC heap after
{Heap after GC invocations=1 (full 0):
 garbage-first heap   total 256000K, used 9058K [0x0000000080000000, 0x0000000100000000)
  region size 1024K, 3 young (3072K), 3 survivors (3072K)
 Metaspace       used 10657K, capacity 10876K, committed 11008K, reserved 1058816K
  class space    used 1128K, capacity 1200K, committed 1280K, reserved 1048576K
}
Event: 2.355 GC heap before
{Heap before GC invocations=1 (full 0):
 garbage-first heap   total 256000K, used 94050K [0x0000000080000000, 0x0000000100000000)
  region size 1024K, 88 young (90112K), 3 survivors (3072K)
 Metaspace       used 20655K, capacity 21148K, committed 21248K, reserved 1067008K
  class space    used 2524K, capacity 2719K, committed 2816K, reserved 1048576K
}
Event: 2.364 GC heap after
{Heap after GC invocations=2 (full 0):
 garbage-first heap   total 256000K, used 16210K [0x0000000080000000, 0x0000000100000000)
  region size 1024K, 10 young (10240K), 10 survivors (10240K)
 Metaspace       used 20655K, capacity 21148K, committed 21248K, reserved 1067008K
  class space    used 2524K, capacity 2719K, committed 2816K, reserved 1048576K
}
Event: 2.884 GC heap before
{Heap before GC invocations=3 (full 0):
 garbage-first heap   total 256000K, used 79698K [0x0000000080000000, 0x0000000100000000)
  region size 1024K, 67 young (68608K), 10 survivors (10240K)
 Metaspace       used 26941K, capacity 27706K, committed 27904K, reserved 1073152K
  class space    used 3531K, capacity 3814K, committed 3840K, reserved 1048576K
}
Event: 2.890 GC heap after
{Heap after GC invocations=4 (full 0):
 garbage-first heap   total 256000K, used 24755K [0x0000000080000000, 0x0000000100000000)
  region size 1024K, 4 young (4096K), 4 survivors (4096K)
 Metaspace       used 26941K, capacity 27706K, committed 27904K, reserved 1073152K
  class space    used 3531K, capacity 3814K, committed 3840K, reserved 1048576K
}
Event: 3.407 GC heap before
{Heap before GC invocations=4 (full 0):
 garbage-first heap   total 256000K, used 68787K [0x0000000080000000, 0x0000000100000000)
  region size 1024K, 48 young (49152K), 4 survivors (4096K)
 Metaspace       used 35033K, capacity 35788K, committed 35840K, reserved 1081344K
  class space    used 4552K, capacity 4848K, committed 4864K, reserved 1048576K
}
Event: 3.412 GC heap after
{Heap after GC invocations=5 (full 0):
 garbage-first heap   total 256000K, used 27271K [0x0000000080000000, 0x0000000100000000)
  region size 1024K, 6 young (6144K), 6 survivors (6144K)
 Metaspace       used 35033K, capacity 35788K, committed 35840K, reserved 1081344K
  class space    used 4552K, capacity 4848K, committed 4864K, reserved 1048576K
}
Event: 4.347 GC heap before
{Heap before GC invocations=6 (full 0):
 garbage-first heap   total 256000K, used 131719K [0x0000000080000000, 0x0000000100000000)
  region size 1024K, 105 young (107520K), 6 survivors (6144K)
 Metaspace       used 43956K, capacity 45046K, committed 45312K, reserved 1089536K
  class space    used 5646K, capacity 6061K, committed 6144K, reserved 1048576K
}
Event: 4.354 GC heap after
{Heap after GC invocations=7 (full 0):
 garbage-first heap   total 256000K, used 32508K [0x0000000080000000, 0x0000000100000000)
  region size 1024K, 12 young (12288K), 12 survivors (12288K)
 Metaspace       used 43956K, capacity 45046K, committed 45312K, reserved 1089536K
  class space    used 5646K, capacity 6061K, committed 6144K, reserved 1048576K
}

